<?xml version="1.0" encoding="UTF-8"?>
<robot generator="Robot 7.1.1 (Python 3.9.12 on darwin)" generated="2024-11-15T00:29:28.751918" rpa="false" schemaversion="5">
<suite id="s1" name="SortTest" source="/Users/russarin/Desktop/Practical-SE/Bash-Frontend/automated_test_cases/SortTest.robot">
<test id="s1-t1" name="Test Sort by Price from Low to High" line="57">
<kw name="Open Browser To Website">
<kw name="Open Browser" owner="SeleniumLibrary">
<msg time="2024-11-15T00:29:29.267147" level="INFO">Opening browser 'Chrome' to base url 'http://localhost:3000/'.</msg>
<arg>${URL}</arg>
<arg>Chrome</arg>
<doc>Opens a new browser instance to the optional ``url``.</doc>
<status status="PASS" start="2024-11-15T00:29:29.266695" elapsed="3.270966"/>
</kw>
<kw name="Maximize Browser Window" owner="SeleniumLibrary">
<doc>Maximizes current browser window.</doc>
<status status="PASS" start="2024-11-15T00:29:32.538790" elapsed="0.379694"/>
</kw>
<status status="PASS" start="2024-11-15T00:29:29.265439" elapsed="3.653497"/>
</kw>
<kw name="Wait Until Element Is Visible" owner="SeleniumLibrary">
<arg>id=Card</arg>
<arg>timeout=10s</arg>
<doc>Waits until the element ``locator`` is visible.</doc>
<status status="PASS" start="2024-11-15T00:29:32.919540" elapsed="0.034729"/>
</kw>
<kw name="Select Sort by Price Low to High">
<kw name="Click Element" owner="SeleniumLibrary">
<msg time="2024-11-15T00:29:32.955433" level="INFO">Clicking element '//select'.</msg>
<arg>${SORT_BUTTON}</arg>
<doc>Click the element identified by ``locator``.</doc>
<status status="PASS" start="2024-11-15T00:29:32.955152" elapsed="0.100779"/>
</kw>
<kw name="Click Element" owner="SeleniumLibrary">
<msg time="2024-11-15T00:29:33.056670" level="INFO">Clicking element '//select/option[@value='Price Low to High' and text()='Price, low to high']'.</msg>
<arg>${PRICE_LOW_TO_HIGH}</arg>
<doc>Click the element identified by ``locator``.</doc>
<status status="PASS" start="2024-11-15T00:29:33.056207" elapsed="0.109746"/>
</kw>
<status status="PASS" start="2024-11-15T00:29:32.954711" elapsed="0.211722"/>
</kw>
<kw name="Verify Prices Sorted In Ascending Order">
<kw name="Get Product Prices As Numbers">
<kw name="Scroll Element Into View" owner="SeleniumLibrary">
<arg>${PRODUCT_PRICE}</arg>
<doc>Scrolls the element identified by ``locator`` into view.</doc>
<status status="PASS" start="2024-11-15T00:29:33.168837" elapsed="0.335639"/>
</kw>
<kw name="Get WebElements" owner="SeleniumLibrary">
<msg time="2024-11-15T00:29:33.512426" level="INFO">${elements} = [&lt;selenium.webdriver.remote.webelement.WebElement (session="c4377362e00b486f29fa4f2e0720279d", element="f.40601400859669554B8BDA5008311DA6.d.0551826231C3B3408292B015F686E2F3.e.55")&gt;, &lt;selenium.webdriv...</msg>
<var>${elements}</var>
<arg>${PRODUCT_PRICE}</arg>
<doc>Returns a list of WebElement objects matching the ``locator``.</doc>
<status status="PASS" start="2024-11-15T00:29:33.504746" elapsed="0.007756"/>
</kw>
<kw name="Create List" owner="BuiltIn">
<msg time="2024-11-15T00:29:33.513053" level="INFO">${prices} = []</msg>
<var>${prices}</var>
<doc>Returns a list containing given items.</doc>
<status status="PASS" start="2024-11-15T00:29:33.512750" elapsed="0.000347"/>
</kw>
<for flavor="IN">
<iter>
<kw name="Get Text" owner="SeleniumLibrary">
<msg time="2024-11-15T00:29:33.528923" level="INFO">${price_text} = 10.-</msg>
<var>${price_text}</var>
<arg>${element}</arg>
<doc>Returns the text value of the element identified by ``locator``.</doc>
<status status="PASS" start="2024-11-15T00:29:33.514996" elapsed="0.014004"/>
</kw>
<kw name="Process Price Text">
<kw name="Remove String" owner="String">
<msg time="2024-11-15T00:29:33.531737" level="INFO">${cleaned_text} = 10</msg>
<var>${cleaned_text}</var>
<arg>${price_text}</arg>
<arg>.</arg>
<arg>-</arg>
<doc>Removes all ``removables`` from the given ``string``.</doc>
<status status="PASS" start="2024-11-15T00:29:33.531060" elapsed="0.000759"/>
</kw>
<return>
<value>${cleaned_text}</value>
<status status="PASS" start="2024-11-15T00:29:33.532125" elapsed="0.000400"/>
</return>
<msg time="2024-11-15T00:29:33.555847" level="INFO">${cleaned_price} = 10</msg>
<var>${cleaned_price}</var>
<arg>${price_text}</arg>
<status status="PASS" start="2024-11-15T00:29:33.529578" elapsed="0.026325"/>
</kw>
<kw name="Run Keyword If" owner="BuiltIn">
<kw name="Append To List" owner="Collections">
<arg>${prices}</arg>
<arg>${cleaned_price}</arg>
<doc>Adds ``values`` to the end of ``list``.</doc>
<status status="PASS" start="2024-11-15T00:29:33.556626" elapsed="0.000536"/>
</kw>
<arg>${cleaned_price} is not None</arg>
<arg>Append To List</arg>
<arg>${prices}</arg>
<arg>${cleaned_price}</arg>
<doc>Runs the given keyword with the given arguments, if ``condition`` is true.</doc>
<status status="PASS" start="2024-11-15T00:29:33.556173" elapsed="0.001115"/>
</kw>
<var name="${element}">&lt;selenium.webdriver.remote.webelement.WebElement (session="c4377362e00b486f29fa4f2e0720279d", element="f.40601400859669554B8BDA5008311DA6.d.0551826231C3B3408292B015F686E2F3.e.55")&gt;</var>
<status status="PASS" start="2024-11-15T00:29:33.514636" elapsed="0.042734"/>
</iter>
<iter>
<kw name="Get Text" owner="SeleniumLibrary">
<msg time="2024-11-15T00:29:33.565781" level="INFO">${price_text} = 18.-</msg>
<var>${price_text}</var>
<arg>${element}</arg>
<doc>Returns the text value of the element identified by ``locator``.</doc>
<status status="PASS" start="2024-11-15T00:29:33.557693" elapsed="0.008234"/>
</kw>
<kw name="Process Price Text">
<kw name="Remove String" owner="String">
<msg time="2024-11-15T00:29:33.567203" level="INFO">${cleaned_text} = 18</msg>
<var>${cleaned_text}</var>
<arg>${price_text}</arg>
<arg>.</arg>
<arg>-</arg>
<doc>Removes all ``removables`` from the given ``string``.</doc>
<status status="PASS" start="2024-11-15T00:29:33.566932" elapsed="0.000314"/>
</kw>
<return>
<value>${cleaned_text}</value>
<status status="PASS" start="2024-11-15T00:29:33.567347" elapsed="0.000086"/>
</return>
<msg time="2024-11-15T00:29:33.567804" level="INFO">${cleaned_price} = 18</msg>
<var>${cleaned_price}</var>
<arg>${price_text}</arg>
<status status="PASS" start="2024-11-15T00:29:33.566451" elapsed="0.001459"/>
</kw>
<kw name="Run Keyword If" owner="BuiltIn">
<kw name="Append To List" owner="Collections">
<arg>${prices}</arg>
<arg>${cleaned_price}</arg>
<doc>Adds ``values`` to the end of ``list``.</doc>
<status status="PASS" start="2024-11-15T00:29:33.569259" elapsed="0.000324"/>
</kw>
<arg>${cleaned_price} is not None</arg>
<arg>Append To List</arg>
<arg>${prices}</arg>
<arg>${cleaned_price}</arg>
<doc>Runs the given keyword with the given arguments, if ``condition`` is true.</doc>
<status status="PASS" start="2024-11-15T00:29:33.568610" elapsed="0.001111"/>
</kw>
<var name="${element}">&lt;selenium.webdriver.remote.webelement.WebElement (session="c4377362e00b486f29fa4f2e0720279d", element="f.40601400859669554B8BDA5008311DA6.d.0551826231C3B3408292B015F686E2F3.e.56")&gt;</var>
<status status="PASS" start="2024-11-15T00:29:33.557548" elapsed="0.012335"/>
</iter>
<iter>
<kw name="Get Text" owner="SeleniumLibrary">
<msg time="2024-11-15T00:29:33.579270" level="INFO">${price_text} = 25.-</msg>
<var>${price_text}</var>
<arg>${element}</arg>
<doc>Returns the text value of the element identified by ``locator``.</doc>
<status status="PASS" start="2024-11-15T00:29:33.570631" elapsed="0.008931"/>
</kw>
<kw name="Process Price Text">
<kw name="Remove String" owner="String">
<msg time="2024-11-15T00:29:33.583655" level="INFO">${cleaned_text} = 25</msg>
<var>${cleaned_text}</var>
<arg>${price_text}</arg>
<arg>.</arg>
<arg>-</arg>
<doc>Removes all ``removables`` from the given ``string``.</doc>
<status status="PASS" start="2024-11-15T00:29:33.583382" elapsed="0.000314"/>
</kw>
<return>
<value>${cleaned_text}</value>
<status status="PASS" start="2024-11-15T00:29:33.583796" elapsed="0.000055"/>
</return>
<msg time="2024-11-15T00:29:33.584030" level="INFO">${cleaned_price} = 25</msg>
<var>${cleaned_price}</var>
<arg>${price_text}</arg>
<status status="PASS" start="2024-11-15T00:29:33.582883" elapsed="0.001183"/>
</kw>
<kw name="Run Keyword If" owner="BuiltIn">
<kw name="Append To List" owner="Collections">
<arg>${prices}</arg>
<arg>${cleaned_price}</arg>
<doc>Adds ``values`` to the end of ``list``.</doc>
<status status="PASS" start="2024-11-15T00:29:33.584825" elapsed="0.000276"/>
</kw>
<arg>${cleaned_price} is not None</arg>
<arg>Append To List</arg>
<arg>${prices}</arg>
<arg>${cleaned_price}</arg>
<doc>Runs the given keyword with the given arguments, if ``condition`` is true.</doc>
<status status="PASS" start="2024-11-15T00:29:33.584242" elapsed="0.000961"/>
</kw>
<var name="${element}">&lt;selenium.webdriver.remote.webelement.WebElement (session="c4377362e00b486f29fa4f2e0720279d", element="f.40601400859669554B8BDA5008311DA6.d.0551826231C3B3408292B015F686E2F3.e.57")&gt;</var>
<status status="PASS" start="2024-11-15T00:29:33.570184" elapsed="0.015091"/>
</iter>
<iter>
<kw name="Get Text" owner="SeleniumLibrary">
<msg time="2024-11-15T00:29:33.593261" level="INFO">${price_text} = 30.-</msg>
<var>${price_text}</var>
<arg>${element}</arg>
<doc>Returns the text value of the element identified by ``locator``.</doc>
<status status="PASS" start="2024-11-15T00:29:33.585673" elapsed="0.007683"/>
</kw>
<kw name="Process Price Text">
<kw name="Remove String" owner="String">
<msg time="2024-11-15T00:29:33.594673" level="INFO">${cleaned_text} = 30</msg>
<var>${cleaned_text}</var>
<arg>${price_text}</arg>
<arg>.</arg>
<arg>-</arg>
<doc>Removes all ``removables`` from the given ``string``.</doc>
<status status="PASS" start="2024-11-15T00:29:33.594368" elapsed="0.000346"/>
</kw>
<return>
<value>${cleaned_text}</value>
<status status="PASS" start="2024-11-15T00:29:33.594844" elapsed="0.000072"/>
</return>
<msg time="2024-11-15T00:29:33.595287" level="INFO">${cleaned_price} = 30</msg>
<var>${cleaned_price}</var>
<arg>${price_text}</arg>
<status status="PASS" start="2024-11-15T00:29:33.593821" elapsed="0.001529"/>
</kw>
<kw name="Run Keyword If" owner="BuiltIn">
<kw name="Append To List" owner="Collections">
<arg>${prices}</arg>
<arg>${cleaned_price}</arg>
<doc>Adds ``values`` to the end of ``list``.</doc>
<status status="PASS" start="2024-11-15T00:29:33.596253" elapsed="0.001137"/>
</kw>
<arg>${cleaned_price} is not None</arg>
<arg>Append To List</arg>
<arg>${prices}</arg>
<arg>${cleaned_price}</arg>
<doc>Runs the given keyword with the given arguments, if ``condition`` is true.</doc>
<status status="PASS" start="2024-11-15T00:29:33.595625" elapsed="0.001993"/>
</kw>
<var name="${element}">&lt;selenium.webdriver.remote.webelement.WebElement (session="c4377362e00b486f29fa4f2e0720279d", element="f.40601400859669554B8BDA5008311DA6.d.0551826231C3B3408292B015F686E2F3.e.58")&gt;</var>
<status status="PASS" start="2024-11-15T00:29:33.585445" elapsed="0.012363"/>
</iter>
<iter>
<kw name="Get Text" owner="SeleniumLibrary">
<msg time="2024-11-15T00:29:33.612929" level="INFO">${price_text} = 45.-</msg>
<var>${price_text}</var>
<arg>${element}</arg>
<doc>Returns the text value of the element identified by ``locator``.</doc>
<status status="PASS" start="2024-11-15T00:29:33.598350" elapsed="0.014652"/>
</kw>
<kw name="Process Price Text">
<kw name="Remove String" owner="String">
<msg time="2024-11-15T00:29:33.614375" level="INFO">${cleaned_text} = 45</msg>
<var>${cleaned_text}</var>
<arg>${price_text}</arg>
<arg>.</arg>
<arg>-</arg>
<doc>Removes all ``removables`` from the given ``string``.</doc>
<status status="PASS" start="2024-11-15T00:29:33.614014" elapsed="0.000420"/>
</kw>
<return>
<value>${cleaned_text}</value>
<status status="PASS" start="2024-11-15T00:29:33.614573" elapsed="0.000075"/>
</return>
<msg time="2024-11-15T00:29:33.614907" level="INFO">${cleaned_price} = 45</msg>
<var>${cleaned_price}</var>
<arg>${price_text}</arg>
<status status="PASS" start="2024-11-15T00:29:33.613349" elapsed="0.001607"/>
</kw>
<kw name="Run Keyword If" owner="BuiltIn">
<kw name="Append To List" owner="Collections">
<arg>${prices}</arg>
<arg>${cleaned_price}</arg>
<doc>Adds ``values`` to the end of ``list``.</doc>
<status status="PASS" start="2024-11-15T00:29:33.615692" elapsed="0.000339"/>
</kw>
<arg>${cleaned_price} is not None</arg>
<arg>Append To List</arg>
<arg>${prices}</arg>
<arg>${cleaned_price}</arg>
<doc>Runs the given keyword with the given arguments, if ``condition`` is true.</doc>
<status status="PASS" start="2024-11-15T00:29:33.615181" elapsed="0.000987"/>
</kw>
<var name="${element}">&lt;selenium.webdriver.remote.webelement.WebElement (session="c4377362e00b486f29fa4f2e0720279d", element="f.40601400859669554B8BDA5008311DA6.d.0551826231C3B3408292B015F686E2F3.e.59")&gt;</var>
<status status="PASS" start="2024-11-15T00:29:33.598089" elapsed="0.018185"/>
</iter>
<iter>
<kw name="Get Text" owner="SeleniumLibrary">
<msg time="2024-11-15T00:29:33.630096" level="INFO">${price_text} = 45.-</msg>
<var>${price_text}</var>
<arg>${element}</arg>
<doc>Returns the text value of the element identified by ``locator``.</doc>
<status status="PASS" start="2024-11-15T00:29:33.616783" elapsed="0.013387"/>
</kw>
<kw name="Process Price Text">
<kw name="Remove String" owner="String">
<msg time="2024-11-15T00:29:33.631924" level="INFO">${cleaned_text} = 45</msg>
<var>${cleaned_text}</var>
<arg>${price_text}</arg>
<arg>.</arg>
<arg>-</arg>
<doc>Removes all ``removables`` from the given ``string``.</doc>
<status status="PASS" start="2024-11-15T00:29:33.631407" elapsed="0.000585"/>
</kw>
<return>
<value>${cleaned_text}</value>
<status status="PASS" start="2024-11-15T00:29:33.632152" elapsed="0.000080"/>
</return>
<msg time="2024-11-15T00:29:33.632517" level="INFO">${cleaned_price} = 45</msg>
<var>${cleaned_price}</var>
<arg>${price_text}</arg>
<status status="PASS" start="2024-11-15T00:29:33.630513" elapsed="0.002062"/>
</kw>
<kw name="Run Keyword If" owner="BuiltIn">
<kw name="Append To List" owner="Collections">
<arg>${prices}</arg>
<arg>${cleaned_price}</arg>
<doc>Adds ``values`` to the end of ``list``.</doc>
<status status="PASS" start="2024-11-15T00:29:33.633331" elapsed="0.000341"/>
</kw>
<arg>${cleaned_price} is not None</arg>
<arg>Append To List</arg>
<arg>${prices}</arg>
<arg>${cleaned_price}</arg>
<doc>Runs the given keyword with the given arguments, if ``condition`` is true.</doc>
<status status="PASS" start="2024-11-15T00:29:33.632844" elapsed="0.001044"/>
</kw>
<var name="${element}">&lt;selenium.webdriver.remote.webelement.WebElement (session="c4377362e00b486f29fa4f2e0720279d", element="f.40601400859669554B8BDA5008311DA6.d.0551826231C3B3408292B015F686E2F3.e.60")&gt;</var>
<status status="PASS" start="2024-11-15T00:29:33.616560" elapsed="0.017452"/>
</iter>
<iter>
<kw name="Get Text" owner="SeleniumLibrary">
<msg time="2024-11-15T00:29:33.651141" level="INFO">${price_text} = 45.-</msg>
<var>${price_text}</var>
<arg>${element}</arg>
<doc>Returns the text value of the element identified by ``locator``.</doc>
<status status="PASS" start="2024-11-15T00:29:33.634468" elapsed="0.016761"/>
</kw>
<kw name="Process Price Text">
<kw name="Remove String" owner="String">
<msg time="2024-11-15T00:29:33.652967" level="INFO">${cleaned_text} = 45</msg>
<var>${cleaned_text}</var>
<arg>${price_text}</arg>
<arg>.</arg>
<arg>-</arg>
<doc>Removes all ``removables`` from the given ``string``.</doc>
<status status="PASS" start="2024-11-15T00:29:33.652236" elapsed="0.000792"/>
</kw>
<return>
<value>${cleaned_text}</value>
<status status="PASS" start="2024-11-15T00:29:33.653172" elapsed="0.000077"/>
</return>
<msg time="2024-11-15T00:29:33.653519" level="INFO">${cleaned_price} = 45</msg>
<var>${cleaned_price}</var>
<arg>${price_text}</arg>
<status status="PASS" start="2024-11-15T00:29:33.651593" elapsed="0.001984"/>
</kw>
<kw name="Run Keyword If" owner="BuiltIn">
<kw name="Append To List" owner="Collections">
<arg>${prices}</arg>
<arg>${cleaned_price}</arg>
<doc>Adds ``values`` to the end of ``list``.</doc>
<status status="PASS" start="2024-11-15T00:29:33.654715" elapsed="0.000760"/>
</kw>
<arg>${cleaned_price} is not None</arg>
<arg>Append To List</arg>
<arg>${prices}</arg>
<arg>${cleaned_price}</arg>
<doc>Runs the given keyword with the given arguments, if ``condition`` is true.</doc>
<status status="PASS" start="2024-11-15T00:29:33.654005" elapsed="0.001738"/>
</kw>
<var name="${element}">&lt;selenium.webdriver.remote.webelement.WebElement (session="c4377362e00b486f29fa4f2e0720279d", element="f.40601400859669554B8BDA5008311DA6.d.0551826231C3B3408292B015F686E2F3.e.61")&gt;</var>
<status status="PASS" start="2024-11-15T00:29:33.634262" elapsed="0.021722"/>
</iter>
<iter>
<kw name="Get Text" owner="SeleniumLibrary">
<msg time="2024-11-15T00:29:33.675734" level="INFO">${price_text} = 45.-</msg>
<var>${price_text}</var>
<arg>${element}</arg>
<doc>Returns the text value of the element identified by ``locator``.</doc>
<status status="PASS" start="2024-11-15T00:29:33.656578" elapsed="0.019231"/>
</kw>
<kw name="Process Price Text">
<kw name="Remove String" owner="String">
<msg time="2024-11-15T00:29:33.677048" level="INFO">${cleaned_text} = 45</msg>
<var>${cleaned_text}</var>
<arg>${price_text}</arg>
<arg>.</arg>
<arg>-</arg>
<doc>Removes all ``removables`` from the given ``string``.</doc>
<status status="PASS" start="2024-11-15T00:29:33.676710" elapsed="0.000393"/>
</kw>
<return>
<value>${cleaned_text}</value>
<status status="PASS" start="2024-11-15T00:29:33.677348" elapsed="0.000081"/>
</return>
<msg time="2024-11-15T00:29:33.677756" level="INFO">${cleaned_price} = 45</msg>
<var>${cleaned_price}</var>
<arg>${price_text}</arg>
<status status="PASS" start="2024-11-15T00:29:33.676162" elapsed="0.001658"/>
</kw>
<kw name="Run Keyword If" owner="BuiltIn">
<kw name="Append To List" owner="Collections">
<arg>${prices}</arg>
<arg>${cleaned_price}</arg>
<doc>Adds ``values`` to the end of ``list``.</doc>
<status status="PASS" start="2024-11-15T00:29:33.678595" elapsed="0.000341"/>
</kw>
<arg>${cleaned_price} is not None</arg>
<arg>Append To List</arg>
<arg>${prices}</arg>
<arg>${cleaned_price}</arg>
<doc>Runs the given keyword with the given arguments, if ``condition`` is true.</doc>
<status status="PASS" start="2024-11-15T00:29:33.678090" elapsed="0.000988"/>
</kw>
<var name="${element}">&lt;selenium.webdriver.remote.webelement.WebElement (session="c4377362e00b486f29fa4f2e0720279d", element="f.40601400859669554B8BDA5008311DA6.d.0551826231C3B3408292B015F686E2F3.e.62")&gt;</var>
<status status="PASS" start="2024-11-15T00:29:33.656349" elapsed="0.022833"/>
</iter>
<iter>
<kw name="Get Text" owner="SeleniumLibrary">
<msg time="2024-11-15T00:29:33.709340" level="INFO">${price_text} = 45.-</msg>
<var>${price_text}</var>
<arg>${element}</arg>
<doc>Returns the text value of the element identified by ``locator``.</doc>
<status status="PASS" start="2024-11-15T00:29:33.679609" elapsed="0.029805"/>
</kw>
<kw name="Process Price Text">
<kw name="Remove String" owner="String">
<msg time="2024-11-15T00:29:33.710879" level="INFO">${cleaned_text} = 45</msg>
<var>${cleaned_text}</var>
<arg>${price_text}</arg>
<arg>.</arg>
<arg>-</arg>
<doc>Removes all ``removables`` from the given ``string``.</doc>
<status status="PASS" start="2024-11-15T00:29:33.710311" elapsed="0.000655"/>
</kw>
<return>
<value>${cleaned_text}</value>
<status status="PASS" start="2024-11-15T00:29:33.711083" elapsed="0.000067"/>
</return>
<msg time="2024-11-15T00:29:33.711434" level="INFO">${cleaned_price} = 45</msg>
<var>${cleaned_price}</var>
<arg>${price_text}</arg>
<status status="PASS" start="2024-11-15T00:29:33.709767" elapsed="0.001729"/>
</kw>
<kw name="Run Keyword If" owner="BuiltIn">
<kw name="Append To List" owner="Collections">
<arg>${prices}</arg>
<arg>${cleaned_price}</arg>
<doc>Adds ``values`` to the end of ``list``.</doc>
<status status="PASS" start="2024-11-15T00:29:33.712384" elapsed="0.000737"/>
</kw>
<arg>${cleaned_price} is not None</arg>
<arg>Append To List</arg>
<arg>${prices}</arg>
<arg>${cleaned_price}</arg>
<doc>Runs the given keyword with the given arguments, if ``condition`` is true.</doc>
<status status="PASS" start="2024-11-15T00:29:33.711806" elapsed="0.001575"/>
</kw>
<var name="${element}">&lt;selenium.webdriver.remote.webelement.WebElement (session="c4377362e00b486f29fa4f2e0720279d", element="f.40601400859669554B8BDA5008311DA6.d.0551826231C3B3408292B015F686E2F3.e.63")&gt;</var>
<status status="PASS" start="2024-11-15T00:29:33.679417" elapsed="0.034092"/>
</iter>
<iter>
<kw name="Get Text" owner="SeleniumLibrary">
<msg time="2024-11-15T00:29:33.723932" level="INFO">${price_text} = 50.-</msg>
<var>${price_text}</var>
<arg>${element}</arg>
<doc>Returns the text value of the element identified by ``locator``.</doc>
<status status="PASS" start="2024-11-15T00:29:33.714674" elapsed="0.009309"/>
</kw>
<kw name="Process Price Text">
<kw name="Remove String" owner="String">
<msg time="2024-11-15T00:29:33.725619" level="INFO">${cleaned_text} = 50</msg>
<var>${cleaned_text}</var>
<arg>${price_text}</arg>
<arg>.</arg>
<arg>-</arg>
<doc>Removes all ``removables`` from the given ``string``.</doc>
<status status="PASS" start="2024-11-15T00:29:33.725186" elapsed="0.000477"/>
</kw>
<return>
<value>${cleaned_text}</value>
<status status="PASS" start="2024-11-15T00:29:33.725839" elapsed="0.000064"/>
</return>
<msg time="2024-11-15T00:29:33.726095" level="INFO">${cleaned_price} = 50</msg>
<var>${cleaned_price}</var>
<arg>${price_text}</arg>
<status status="PASS" start="2024-11-15T00:29:33.724230" elapsed="0.001899"/>
</kw>
<kw name="Run Keyword If" owner="BuiltIn">
<kw name="Append To List" owner="Collections">
<arg>${prices}</arg>
<arg>${cleaned_price}</arg>
<doc>Adds ``values`` to the end of ``list``.</doc>
<status status="PASS" start="2024-11-15T00:29:33.726662" elapsed="0.000480"/>
</kw>
<arg>${cleaned_price} is not None</arg>
<arg>Append To List</arg>
<arg>${prices}</arg>
<arg>${cleaned_price}</arg>
<doc>Runs the given keyword with the given arguments, if ``condition`` is true.</doc>
<status status="PASS" start="2024-11-15T00:29:33.726304" elapsed="0.001117"/>
</kw>
<var name="${element}">&lt;selenium.webdriver.remote.webelement.WebElement (session="c4377362e00b486f29fa4f2e0720279d", element="f.40601400859669554B8BDA5008311DA6.d.0551826231C3B3408292B015F686E2F3.e.64")&gt;</var>
<status status="PASS" start="2024-11-15T00:29:33.713768" elapsed="0.013875"/>
</iter>
<var>${element}</var>
<value>@{elements}</value>
<status status="PASS" start="2024-11-15T00:29:33.513342" elapsed="0.214387"/>
</for>
<kw name="Log To Console" owner="BuiltIn">
<arg>${prices}</arg>
<doc>Logs the given message to the console.</doc>
<status status="PASS" start="2024-11-15T00:29:33.728166" elapsed="0.000648"/>
</kw>
<return>
<value>${prices}</value>
<status status="PASS" start="2024-11-15T00:29:33.729035" elapsed="0.000106"/>
</return>
<msg time="2024-11-15T00:29:33.729361" level="INFO">${sorted_prices} = ['10', '18', '25', '30', '45', '45', '45', '45', '45', '50']</msg>
<var>${sorted_prices}</var>
<status status="PASS" start="2024-11-15T00:29:33.168378" elapsed="0.561020"/>
</kw>
<kw name="Create List" owner="BuiltIn">
<msg time="2024-11-15T00:29:33.729858" level="INFO">${expected_sorted_prices} = ['10', '18', '25', '30', '45', '45', '45', '45', '45', '50']</msg>
<var>${expected_sorted_prices}</var>
<arg>10</arg>
<arg>18</arg>
<arg>25</arg>
<arg>30</arg>
<arg>45</arg>
<arg>45</arg>
<arg>45</arg>
<arg>45</arg>
<arg>45</arg>
<arg>50</arg>
<doc>Returns a list containing given items.</doc>
<status status="PASS" start="2024-11-15T00:29:33.729567" elapsed="0.000394"/>
</kw>
<kw name="Should Be Equal" owner="BuiltIn">
<arg>${expected_sorted_prices}</arg>
<arg>${sorted_prices}</arg>
<doc>Fails if the given objects are unequal.</doc>
<status status="PASS" start="2024-11-15T00:29:33.730237" elapsed="0.000817"/>
</kw>
<status status="PASS" start="2024-11-15T00:29:33.167290" elapsed="0.564075"/>
</kw>
<kw name="Close Browser" owner="SeleniumLibrary">
<doc>Closes the current browser.</doc>
<status status="PASS" start="2024-11-15T00:29:33.731767" elapsed="0.264078"/>
</kw>
<status status="PASS" start="2024-11-15T00:29:29.264463" elapsed="4.731981"/>
</test>
<test id="s1-t2" name="Test Sort by Price from High to Low" line="64">
<kw name="Open Browser To Website">
<kw name="Open Browser" owner="SeleniumLibrary">
<msg time="2024-11-15T00:29:34.002745" level="INFO">Opening browser 'Chrome' to base url 'http://localhost:3000/'.</msg>
<arg>${URL}</arg>
<arg>Chrome</arg>
<doc>Opens a new browser instance to the optional ``url``.</doc>
<status status="PASS" start="2024-11-15T00:29:33.999115" elapsed="3.041782"/>
</kw>
<kw name="Maximize Browser Window" owner="SeleniumLibrary">
<doc>Maximizes current browser window.</doc>
<status status="PASS" start="2024-11-15T00:29:37.042022" elapsed="0.397134"/>
</kw>
<status status="PASS" start="2024-11-15T00:29:33.998253" elapsed="3.441276"/>
</kw>
<kw name="Wait Until Element Is Visible" owner="SeleniumLibrary">
<arg>id=Card</arg>
<arg>timeout=10s</arg>
<doc>Waits until the element ``locator`` is visible.</doc>
<status status="PASS" start="2024-11-15T00:29:37.440116" elapsed="0.037737"/>
</kw>
<kw name="Select Sort by Price High to Low">
<kw name="Click Element" owner="SeleniumLibrary">
<msg time="2024-11-15T00:29:37.480616" level="INFO">Clicking element '//select'.</msg>
<arg>${SORT_BUTTON}</arg>
<doc>Click the element identified by ``locator``.</doc>
<status status="PASS" start="2024-11-15T00:29:37.479755" elapsed="0.100199"/>
</kw>
<kw name="Click Element" owner="SeleniumLibrary">
<msg time="2024-11-15T00:29:37.581062" level="INFO">Clicking element '//select/option[@value='Price High to Low' and text()='Price, high to low']'.</msg>
<arg>${PRICE_HIGH_TO_LOW}</arg>
<doc>Click the element identified by ``locator``.</doc>
<status status="PASS" start="2024-11-15T00:29:37.580608" elapsed="0.090864"/>
</kw>
<status status="PASS" start="2024-11-15T00:29:37.478618" elapsed="0.193047"/>
</kw>
<kw name="Verify Prices Sorted In Descending Order">
<kw name="Get Product Prices As Numbers">
<kw name="Scroll Element Into View" owner="SeleniumLibrary">
<arg>${PRODUCT_PRICE}</arg>
<doc>Scrolls the element identified by ``locator`` into view.</doc>
<status status="PASS" start="2024-11-15T00:29:37.674420" elapsed="0.298492"/>
</kw>
<kw name="Get WebElements" owner="SeleniumLibrary">
<msg time="2024-11-15T00:29:37.984032" level="INFO">${elements} = [&lt;selenium.webdriver.remote.webelement.WebElement (session="e9260f883a6d53d010bf0e0469558758", element="f.EF010EF6FCBF44C3B8F5E852E4138571.d.F79E9FE8AC1BC2EA5C55EBFDCA2AED5A.e.54")&gt;, &lt;selenium.webdriv...</msg>
<var>${elements}</var>
<arg>${PRODUCT_PRICE}</arg>
<doc>Returns a list of WebElement objects matching the ``locator``.</doc>
<status status="PASS" start="2024-11-15T00:29:37.973416" elapsed="0.010688"/>
</kw>
<kw name="Create List" owner="BuiltIn">
<msg time="2024-11-15T00:29:37.984664" level="INFO">${prices} = []</msg>
<var>${prices}</var>
<doc>Returns a list containing given items.</doc>
<status status="PASS" start="2024-11-15T00:29:37.984385" elapsed="0.000327"/>
</kw>
<for flavor="IN">
<iter>
<kw name="Get Text" owner="SeleniumLibrary">
<msg time="2024-11-15T00:29:37.997389" level="INFO">${price_text} = 120.-</msg>
<var>${price_text}</var>
<arg>${element}</arg>
<doc>Returns the text value of the element identified by ``locator``.</doc>
<status status="PASS" start="2024-11-15T00:29:37.985329" elapsed="0.012112"/>
</kw>
<kw name="Process Price Text">
<kw name="Remove String" owner="String">
<msg time="2024-11-15T00:29:37.998511" level="INFO">${cleaned_text} = 120</msg>
<var>${cleaned_text}</var>
<arg>${price_text}</arg>
<arg>.</arg>
<arg>-</arg>
<doc>Removes all ``removables`` from the given ``string``.</doc>
<status status="PASS" start="2024-11-15T00:29:37.998239" elapsed="0.000317"/>
</kw>
<return>
<value>${cleaned_text}</value>
<status status="PASS" start="2024-11-15T00:29:37.998654" elapsed="0.000091"/>
</return>
<msg time="2024-11-15T00:29:37.998930" level="INFO">${cleaned_price} = 120</msg>
<var>${cleaned_price}</var>
<arg>${price_text}</arg>
<status status="PASS" start="2024-11-15T00:29:37.997705" elapsed="0.001260"/>
</kw>
<kw name="Run Keyword If" owner="BuiltIn">
<kw name="Append To List" owner="Collections">
<arg>${prices}</arg>
<arg>${cleaned_price}</arg>
<doc>Adds ``values`` to the end of ``list``.</doc>
<status status="PASS" start="2024-11-15T00:29:37.999541" elapsed="0.000240"/>
</kw>
<arg>${cleaned_price} is not None</arg>
<arg>Append To List</arg>
<arg>${prices}</arg>
<arg>${cleaned_price}</arg>
<doc>Runs the given keyword with the given arguments, if ``condition`` is true.</doc>
<status status="PASS" start="2024-11-15T00:29:37.999149" elapsed="0.000727"/>
</kw>
<var name="${element}">&lt;selenium.webdriver.remote.webelement.WebElement (session="e9260f883a6d53d010bf0e0469558758", element="f.EF010EF6FCBF44C3B8F5E852E4138571.d.F79E9FE8AC1BC2EA5C55EBFDCA2AED5A.e.54")&gt;</var>
<status status="PASS" start="2024-11-15T00:29:37.985142" elapsed="0.014802"/>
</iter>
<iter>
<kw name="Get Text" owner="SeleniumLibrary">
<msg time="2024-11-15T00:29:38.006605" level="INFO">${price_text} = 90.-</msg>
<var>${price_text}</var>
<arg>${element}</arg>
<doc>Returns the text value of the element identified by ``locator``.</doc>
<status status="PASS" start="2024-11-15T00:29:38.000222" elapsed="0.006438"/>
</kw>
<kw name="Process Price Text">
<kw name="Remove String" owner="String">
<msg time="2024-11-15T00:29:38.007550" level="INFO">${cleaned_text} = 90</msg>
<var>${cleaned_text}</var>
<arg>${price_text}</arg>
<arg>.</arg>
<arg>-</arg>
<doc>Removes all ``removables`` from the given ``string``.</doc>
<status status="PASS" start="2024-11-15T00:29:38.007308" elapsed="0.000280"/>
</kw>
<return>
<value>${cleaned_text}</value>
<status status="PASS" start="2024-11-15T00:29:38.007676" elapsed="0.000052"/>
</return>
<msg time="2024-11-15T00:29:38.007906" level="INFO">${cleaned_price} = 90</msg>
<var>${cleaned_price}</var>
<arg>${price_text}</arg>
<status status="PASS" start="2024-11-15T00:29:38.006912" elapsed="0.001029"/>
</kw>
<kw name="Run Keyword If" owner="BuiltIn">
<kw name="Append To List" owner="Collections">
<arg>${prices}</arg>
<arg>${cleaned_price}</arg>
<doc>Adds ``values`` to the end of ``list``.</doc>
<status status="PASS" start="2024-11-15T00:29:38.008419" elapsed="0.000223"/>
</kw>
<arg>${cleaned_price} is not None</arg>
<arg>Append To List</arg>
<arg>${prices}</arg>
<arg>${cleaned_price}</arg>
<doc>Runs the given keyword with the given arguments, if ``condition`` is true.</doc>
<status status="PASS" start="2024-11-15T00:29:38.008101" elapsed="0.000631"/>
</kw>
<var name="${element}">&lt;selenium.webdriver.remote.webelement.WebElement (session="e9260f883a6d53d010bf0e0469558758", element="f.EF010EF6FCBF44C3B8F5E852E4138571.d.F79E9FE8AC1BC2EA5C55EBFDCA2AED5A.e.55")&gt;</var>
<status status="PASS" start="2024-11-15T00:29:38.000097" elapsed="0.008703"/>
</iter>
<iter>
<kw name="Get Text" owner="SeleniumLibrary">
<msg time="2024-11-15T00:29:38.015901" level="INFO">${price_text} = 90.-</msg>
<var>${price_text}</var>
<arg>${element}</arg>
<doc>Returns the text value of the element identified by ``locator``.</doc>
<status status="PASS" start="2024-11-15T00:29:38.009096" elapsed="0.006858"/>
</kw>
<kw name="Process Price Text">
<kw name="Remove String" owner="String">
<msg time="2024-11-15T00:29:38.016840" level="INFO">${cleaned_text} = 90</msg>
<var>${cleaned_text}</var>
<arg>${price_text}</arg>
<arg>.</arg>
<arg>-</arg>
<doc>Removes all ``removables`` from the given ``string``.</doc>
<status status="PASS" start="2024-11-15T00:29:38.016593" elapsed="0.000284"/>
</kw>
<return>
<value>${cleaned_text}</value>
<status status="PASS" start="2024-11-15T00:29:38.016965" elapsed="0.000052"/>
</return>
<msg time="2024-11-15T00:29:38.017182" level="INFO">${cleaned_price} = 90</msg>
<var>${cleaned_price}</var>
<arg>${price_text}</arg>
<status status="PASS" start="2024-11-15T00:29:38.016205" elapsed="0.001011"/>
</kw>
<kw name="Run Keyword If" owner="BuiltIn">
<kw name="Append To List" owner="Collections">
<arg>${prices}</arg>
<arg>${cleaned_price}</arg>
<doc>Adds ``values`` to the end of ``list``.</doc>
<status status="PASS" start="2024-11-15T00:29:38.017738" elapsed="0.000231"/>
</kw>
<arg>${cleaned_price} is not None</arg>
<arg>Append To List</arg>
<arg>${prices}</arg>
<arg>${cleaned_price}</arg>
<doc>Runs the given keyword with the given arguments, if ``condition`` is true.</doc>
<status status="PASS" start="2024-11-15T00:29:38.017416" elapsed="0.000645"/>
</kw>
<var name="${element}">&lt;selenium.webdriver.remote.webelement.WebElement (session="e9260f883a6d53d010bf0e0469558758", element="f.EF010EF6FCBF44C3B8F5E852E4138571.d.F79E9FE8AC1BC2EA5C55EBFDCA2AED5A.e.56")&gt;</var>
<status status="PASS" start="2024-11-15T00:29:38.008966" elapsed="0.009241"/>
</iter>
<iter>
<kw name="Get Text" owner="SeleniumLibrary">
<msg time="2024-11-15T00:29:38.024809" level="INFO">${price_text} = 85.-</msg>
<var>${price_text}</var>
<arg>${element}</arg>
<doc>Returns the text value of the element identified by ``locator``.</doc>
<status status="PASS" start="2024-11-15T00:29:38.018503" elapsed="0.006362"/>
</kw>
<kw name="Process Price Text">
<kw name="Remove String" owner="String">
<msg time="2024-11-15T00:29:38.025753" level="INFO">${cleaned_text} = 85</msg>
<var>${cleaned_text}</var>
<arg>${price_text}</arg>
<arg>.</arg>
<arg>-</arg>
<doc>Removes all ``removables`` from the given ``string``.</doc>
<status status="PASS" start="2024-11-15T00:29:38.025520" elapsed="0.000271"/>
</kw>
<return>
<value>${cleaned_text}</value>
<status status="PASS" start="2024-11-15T00:29:38.025878" elapsed="0.000052"/>
</return>
<msg time="2024-11-15T00:29:38.026096" level="INFO">${cleaned_price} = 85</msg>
<var>${cleaned_price}</var>
<arg>${price_text}</arg>
<status status="PASS" start="2024-11-15T00:29:38.025120" elapsed="0.001009"/>
</kw>
<kw name="Run Keyword If" owner="BuiltIn">
<kw name="Append To List" owner="Collections">
<arg>${prices}</arg>
<arg>${cleaned_price}</arg>
<doc>Adds ``values`` to the end of ``list``.</doc>
<status status="PASS" start="2024-11-15T00:29:38.026827" elapsed="0.000304"/>
</kw>
<arg>${cleaned_price} is not None</arg>
<arg>Append To List</arg>
<arg>${prices}</arg>
<arg>${cleaned_price}</arg>
<doc>Runs the given keyword with the given arguments, if ``condition`` is true.</doc>
<status status="PASS" start="2024-11-15T00:29:38.026287" elapsed="0.000962"/>
</kw>
<var name="${element}">&lt;selenium.webdriver.remote.webelement.WebElement (session="e9260f883a6d53d010bf0e0469558758", element="f.EF010EF6FCBF44C3B8F5E852E4138571.d.F79E9FE8AC1BC2EA5C55EBFDCA2AED5A.e.57")&gt;</var>
<status status="PASS" start="2024-11-15T00:29:38.018376" elapsed="0.008946"/>
</iter>
<iter>
<kw name="Get Text" owner="SeleniumLibrary">
<msg time="2024-11-15T00:29:38.034532" level="INFO">${price_text} = 85.-</msg>
<var>${price_text}</var>
<arg>${element}</arg>
<doc>Returns the text value of the element identified by ``locator``.</doc>
<status status="PASS" start="2024-11-15T00:29:38.027662" elapsed="0.006924"/>
</kw>
<kw name="Process Price Text">
<kw name="Remove String" owner="String">
<msg time="2024-11-15T00:29:38.035504" level="INFO">${cleaned_text} = 85</msg>
<var>${cleaned_text}</var>
<arg>${price_text}</arg>
<arg>.</arg>
<arg>-</arg>
<doc>Removes all ``removables`` from the given ``string``.</doc>
<status status="PASS" start="2024-11-15T00:29:38.035257" elapsed="0.000286"/>
</kw>
<return>
<value>${cleaned_text}</value>
<status status="PASS" start="2024-11-15T00:29:38.035634" elapsed="0.000054"/>
</return>
<msg time="2024-11-15T00:29:38.035858" level="INFO">${cleaned_price} = 85</msg>
<var>${cleaned_price}</var>
<arg>${price_text}</arg>
<status status="PASS" start="2024-11-15T00:29:38.034842" elapsed="0.001049"/>
</kw>
<kw name="Run Keyword If" owner="BuiltIn">
<kw name="Append To List" owner="Collections">
<arg>${prices}</arg>
<arg>${cleaned_price}</arg>
<doc>Adds ``values`` to the end of ``list``.</doc>
<status status="PASS" start="2024-11-15T00:29:38.036365" elapsed="0.000225"/>
</kw>
<arg>${cleaned_price} is not None</arg>
<arg>Append To List</arg>
<arg>${prices}</arg>
<arg>${cleaned_price}</arg>
<doc>Runs the given keyword with the given arguments, if ``condition`` is true.</doc>
<status status="PASS" start="2024-11-15T00:29:38.036048" elapsed="0.000637"/>
</kw>
<var name="${element}">&lt;selenium.webdriver.remote.webelement.WebElement (session="e9260f883a6d53d010bf0e0469558758", element="f.EF010EF6FCBF44C3B8F5E852E4138571.d.F79E9FE8AC1BC2EA5C55EBFDCA2AED5A.e.58")&gt;</var>
<status status="PASS" start="2024-11-15T00:29:38.027511" elapsed="0.009242"/>
</iter>
<iter>
<kw name="Get Text" owner="SeleniumLibrary">
<msg time="2024-11-15T00:29:38.043998" level="INFO">${price_text} = 70.-</msg>
<var>${price_text}</var>
<arg>${element}</arg>
<doc>Returns the text value of the element identified by ``locator``.</doc>
<status status="PASS" start="2024-11-15T00:29:38.037090" elapsed="0.006962"/>
</kw>
<kw name="Process Price Text">
<kw name="Remove String" owner="String">
<msg time="2024-11-15T00:29:38.044946" level="INFO">${cleaned_text} = 70</msg>
<var>${cleaned_text}</var>
<arg>${price_text}</arg>
<arg>.</arg>
<arg>-</arg>
<doc>Removes all ``removables`` from the given ``string``.</doc>
<status status="PASS" start="2024-11-15T00:29:38.044708" elapsed="0.000276"/>
</kw>
<return>
<value>${cleaned_text}</value>
<status status="PASS" start="2024-11-15T00:29:38.045073" elapsed="0.000052"/>
</return>
<msg time="2024-11-15T00:29:38.045292" level="INFO">${cleaned_price} = 70</msg>
<var>${cleaned_price}</var>
<arg>${price_text}</arg>
<status status="PASS" start="2024-11-15T00:29:38.044302" elapsed="0.001024"/>
</kw>
<kw name="Run Keyword If" owner="BuiltIn">
<kw name="Append To List" owner="Collections">
<arg>${prices}</arg>
<arg>${cleaned_price}</arg>
<doc>Adds ``values`` to the end of ``list``.</doc>
<status status="PASS" start="2024-11-15T00:29:38.045834" elapsed="0.000256"/>
</kw>
<arg>${cleaned_price} is not None</arg>
<arg>Append To List</arg>
<arg>${prices}</arg>
<arg>${cleaned_price}</arg>
<doc>Runs the given keyword with the given arguments, if ``condition`` is true.</doc>
<status status="PASS" start="2024-11-15T00:29:38.045477" elapsed="0.000717"/>
</kw>
<var name="${element}">&lt;selenium.webdriver.remote.webelement.WebElement (session="e9260f883a6d53d010bf0e0469558758", element="f.EF010EF6FCBF44C3B8F5E852E4138571.d.F79E9FE8AC1BC2EA5C55EBFDCA2AED5A.e.59")&gt;</var>
<status status="PASS" start="2024-11-15T00:29:38.036922" elapsed="0.009342"/>
</iter>
<iter>
<kw name="Get Text" owner="SeleniumLibrary">
<msg time="2024-11-15T00:29:38.052842" level="INFO">${price_text} = 70.-</msg>
<var>${price_text}</var>
<arg>${element}</arg>
<doc>Returns the text value of the element identified by ``locator``.</doc>
<status status="PASS" start="2024-11-15T00:29:38.046556" elapsed="0.006342"/>
</kw>
<kw name="Process Price Text">
<kw name="Remove String" owner="String">
<msg time="2024-11-15T00:29:38.053794" level="INFO">${cleaned_text} = 70</msg>
<var>${cleaned_text}</var>
<arg>${price_text}</arg>
<arg>.</arg>
<arg>-</arg>
<doc>Removes all ``removables`` from the given ``string``.</doc>
<status status="PASS" start="2024-11-15T00:29:38.053544" elapsed="0.000288"/>
</kw>
<return>
<value>${cleaned_text}</value>
<status status="PASS" start="2024-11-15T00:29:38.053921" elapsed="0.000052"/>
</return>
<msg time="2024-11-15T00:29:38.054142" level="INFO">${cleaned_price} = 70</msg>
<var>${cleaned_price}</var>
<arg>${price_text}</arg>
<status status="PASS" start="2024-11-15T00:29:38.053152" elapsed="0.001025"/>
</kw>
<kw name="Run Keyword If" owner="BuiltIn">
<kw name="Append To List" owner="Collections">
<arg>${prices}</arg>
<arg>${cleaned_price}</arg>
<doc>Adds ``values`` to the end of ``list``.</doc>
<status status="PASS" start="2024-11-15T00:29:38.054657" elapsed="0.000225"/>
</kw>
<arg>${cleaned_price} is not None</arg>
<arg>Append To List</arg>
<arg>${prices}</arg>
<arg>${cleaned_price}</arg>
<doc>Runs the given keyword with the given arguments, if ``condition`` is true.</doc>
<status status="PASS" start="2024-11-15T00:29:38.054335" elapsed="0.000640"/>
</kw>
<var name="${element}">&lt;selenium.webdriver.remote.webelement.WebElement (session="e9260f883a6d53d010bf0e0469558758", element="f.EF010EF6FCBF44C3B8F5E852E4138571.d.F79E9FE8AC1BC2EA5C55EBFDCA2AED5A.e.60")&gt;</var>
<status status="PASS" start="2024-11-15T00:29:38.046431" elapsed="0.008612"/>
</iter>
<iter>
<kw name="Get Text" owner="SeleniumLibrary">
<msg time="2024-11-15T00:29:38.061937" level="INFO">${price_text} = 70.-</msg>
<var>${price_text}</var>
<arg>${element}</arg>
<doc>Returns the text value of the element identified by ``locator``.</doc>
<status status="PASS" start="2024-11-15T00:29:38.055327" elapsed="0.006735"/>
</kw>
<kw name="Process Price Text">
<kw name="Remove String" owner="String">
<msg time="2024-11-15T00:29:38.063144" level="INFO">${cleaned_text} = 70</msg>
<var>${cleaned_text}</var>
<arg>${price_text}</arg>
<arg>.</arg>
<arg>-</arg>
<doc>Removes all ``removables`` from the given ``string``.</doc>
<status status="PASS" start="2024-11-15T00:29:38.062857" elapsed="0.000329"/>
</kw>
<return>
<value>${cleaned_text}</value>
<status status="PASS" start="2024-11-15T00:29:38.063290" elapsed="0.000055"/>
</return>
<msg time="2024-11-15T00:29:38.063524" level="INFO">${cleaned_price} = 70</msg>
<var>${cleaned_price}</var>
<arg>${price_text}</arg>
<status status="PASS" start="2024-11-15T00:29:38.062351" elapsed="0.001208"/>
</kw>
<kw name="Run Keyword If" owner="BuiltIn">
<kw name="Append To List" owner="Collections">
<arg>${prices}</arg>
<arg>${cleaned_price}</arg>
<doc>Adds ``values`` to the end of ``list``.</doc>
<status status="PASS" start="2024-11-15T00:29:38.064054" elapsed="0.000232"/>
</kw>
<arg>${cleaned_price} is not None</arg>
<arg>Append To List</arg>
<arg>${prices}</arg>
<arg>${cleaned_price}</arg>
<doc>Runs the given keyword with the given arguments, if ``condition`` is true.</doc>
<status status="PASS" start="2024-11-15T00:29:38.063721" elapsed="0.000659"/>
</kw>
<var name="${element}">&lt;selenium.webdriver.remote.webelement.WebElement (session="e9260f883a6d53d010bf0e0469558758", element="f.EF010EF6FCBF44C3B8F5E852E4138571.d.F79E9FE8AC1BC2EA5C55EBFDCA2AED5A.e.61")&gt;</var>
<status status="PASS" start="2024-11-15T00:29:38.055198" elapsed="0.009256"/>
</iter>
<iter>
<kw name="Get Text" owner="SeleniumLibrary">
<msg time="2024-11-15T00:29:38.071904" level="INFO">${price_text} = 70.-</msg>
<var>${price_text}</var>
<arg>${element}</arg>
<doc>Returns the text value of the element identified by ``locator``.</doc>
<status status="PASS" start="2024-11-15T00:29:38.064742" elapsed="0.007215"/>
</kw>
<kw name="Process Price Text">
<kw name="Remove String" owner="String">
<msg time="2024-11-15T00:29:38.072950" level="INFO">${cleaned_text} = 70</msg>
<var>${cleaned_text}</var>
<arg>${price_text}</arg>
<arg>.</arg>
<arg>-</arg>
<doc>Removes all ``removables`` from the given ``string``.</doc>
<status status="PASS" start="2024-11-15T00:29:38.072596" elapsed="0.000400"/>
</kw>
<return>
<value>${cleaned_text}</value>
<status status="PASS" start="2024-11-15T00:29:38.073097" elapsed="0.000054"/>
</return>
<msg time="2024-11-15T00:29:38.073329" level="INFO">${cleaned_price} = 70</msg>
<var>${cleaned_price}</var>
<arg>${price_text}</arg>
<status status="PASS" start="2024-11-15T00:29:38.072206" elapsed="0.001157"/>
</kw>
<kw name="Run Keyword If" owner="BuiltIn">
<kw name="Append To List" owner="Collections">
<arg>${prices}</arg>
<arg>${cleaned_price}</arg>
<doc>Adds ``values`` to the end of ``list``.</doc>
<status status="PASS" start="2024-11-15T00:29:38.073866" elapsed="0.000243"/>
</kw>
<arg>${cleaned_price} is not None</arg>
<arg>Append To List</arg>
<arg>${prices}</arg>
<arg>${cleaned_price}</arg>
<doc>Runs the given keyword with the given arguments, if ``condition`` is true.</doc>
<status status="PASS" start="2024-11-15T00:29:38.073538" elapsed="0.000663"/>
</kw>
<var name="${element}">&lt;selenium.webdriver.remote.webelement.WebElement (session="e9260f883a6d53d010bf0e0469558758", element="f.EF010EF6FCBF44C3B8F5E852E4138571.d.F79E9FE8AC1BC2EA5C55EBFDCA2AED5A.e.62")&gt;</var>
<status status="PASS" start="2024-11-15T00:29:38.064616" elapsed="0.009654"/>
</iter>
<iter>
<kw name="Get Text" owner="SeleniumLibrary">
<msg time="2024-11-15T00:29:38.081920" level="INFO">${price_text} = 70.-</msg>
<var>${price_text}</var>
<arg>${element}</arg>
<doc>Returns the text value of the element identified by ``locator``.</doc>
<status status="PASS" start="2024-11-15T00:29:38.074555" elapsed="0.007422"/>
</kw>
<kw name="Process Price Text">
<kw name="Remove String" owner="String">
<msg time="2024-11-15T00:29:38.082852" level="INFO">${cleaned_text} = 70</msg>
<var>${cleaned_text}</var>
<arg>${price_text}</arg>
<arg>.</arg>
<arg>-</arg>
<doc>Removes all ``removables`` from the given ``string``.</doc>
<status status="PASS" start="2024-11-15T00:29:38.082615" elapsed="0.000274"/>
</kw>
<return>
<value>${cleaned_text}</value>
<status status="PASS" start="2024-11-15T00:29:38.082979" elapsed="0.000051"/>
</return>
<msg time="2024-11-15T00:29:38.083195" level="INFO">${cleaned_price} = 70</msg>
<var>${cleaned_price}</var>
<arg>${price_text}</arg>
<status status="PASS" start="2024-11-15T00:29:38.082228" elapsed="0.001002"/>
</kw>
<kw name="Run Keyword If" owner="BuiltIn">
<kw name="Append To List" owner="Collections">
<arg>${prices}</arg>
<arg>${cleaned_price}</arg>
<doc>Adds ``values`` to the end of ``list``.</doc>
<status status="PASS" start="2024-11-15T00:29:38.083695" elapsed="0.000222"/>
</kw>
<arg>${cleaned_price} is not None</arg>
<arg>Append To List</arg>
<arg>${prices}</arg>
<arg>${cleaned_price}</arg>
<doc>Runs the given keyword with the given arguments, if ``condition`` is true.</doc>
<status status="PASS" start="2024-11-15T00:29:38.083382" elapsed="0.000627"/>
</kw>
<var name="${element}">&lt;selenium.webdriver.remote.webelement.WebElement (session="e9260f883a6d53d010bf0e0469558758", element="f.EF010EF6FCBF44C3B8F5E852E4138571.d.F79E9FE8AC1BC2EA5C55EBFDCA2AED5A.e.63")&gt;</var>
<status status="PASS" start="2024-11-15T00:29:38.074431" elapsed="0.009645"/>
</iter>
<var>${element}</var>
<value>@{elements}</value>
<status status="PASS" start="2024-11-15T00:29:37.984854" elapsed="0.099362"/>
</for>
<kw name="Log To Console" owner="BuiltIn">
<arg>${prices}</arg>
<doc>Logs the given message to the console.</doc>
<status status="PASS" start="2024-11-15T00:29:38.084391" elapsed="0.000231"/>
</kw>
<return>
<value>${prices}</value>
<status status="PASS" start="2024-11-15T00:29:38.084700" elapsed="0.000049"/>
</return>
<msg time="2024-11-15T00:29:38.084927" level="INFO">${sorted_prices} = ['120', '90', '90', '85', '85', '70', '70', '70', '70', '70']</msg>
<var>${sorted_prices}</var>
<status status="PASS" start="2024-11-15T00:29:37.673540" elapsed="0.411424"/>
</kw>
<kw name="Create List" owner="BuiltIn">
<msg time="2024-11-15T00:29:38.085330" level="INFO">${expected_sorted_prices} = ['120', '90', '90', '85', '85', '70', '70', '70', '70', '70']</msg>
<var>${expected_sorted_prices}</var>
<arg>120</arg>
<arg>90</arg>
<arg>90</arg>
<arg>85</arg>
<arg>85</arg>
<arg>70</arg>
<arg>70</arg>
<arg>70</arg>
<arg>70</arg>
<arg>70</arg>
<doc>Returns a list containing given items.</doc>
<status status="PASS" start="2024-11-15T00:29:38.085108" elapsed="0.000262"/>
</kw>
<kw name="Should Be Equal" owner="BuiltIn">
<arg>${expected_sorted_prices}</arg>
<arg>${sorted_prices}</arg>
<doc>Fails if the given objects are unequal.</doc>
<status status="PASS" start="2024-11-15T00:29:38.085551" elapsed="0.000283"/>
</kw>
<status status="PASS" start="2024-11-15T00:29:37.672256" elapsed="0.413679"/>
</kw>
<kw name="Close Browser" owner="SeleniumLibrary">
<doc>Closes the current browser.</doc>
<status status="PASS" start="2024-11-15T00:29:38.086116" elapsed="0.212588"/>
</kw>
<status status="PASS" start="2024-11-15T00:29:33.997313" elapsed="4.303132"/>
</test>
<status status="PASS" start="2024-11-15T00:29:28.756162" elapsed="9.547580"/>
</suite>
<statistics>
<total>
<stat pass="2" fail="0" skip="0">All Tests</stat>
</total>
<tag>
</tag>
<suite>
<stat pass="2" fail="0" skip="0" id="s1" name="SortTest">SortTest</stat>
</suite>
</statistics>
<errors>
<msg time="2024-11-15T00:29:28.747046" level="WARN">Error in file '/Users/russarin/Desktop/Practical-SE/Bash-Frontend/automated_test_cases/SortTest.robot' on line 37: The '[Return]' setting is deprecated. Use the 'RETURN' statement instead.</msg>
<msg time="2024-11-15T00:29:28.747721" level="WARN">Error in file '/Users/russarin/Desktop/Practical-SE/Bash-Frontend/automated_test_cases/SortTest.robot' on line 43: The '[Return]' setting is deprecated. Use the 'RETURN' statement instead.</msg>
</errors>
</robot>
