{"/Users/russarin/Desktop/Practical-SE/Bash-Frontend/src/lib/utilsCart.ts": {"path":"/Users/russarin/Desktop/Practical-SE/Bash-Frontend/src/lib/utilsCart.ts","all":false,"statementMap":{"0":{"start":{"line":1,"column":0},"end":{"line":1,"column":54}},"1":{"start":{"line":2,"column":0},"end":{"line":2,"column":17}},"2":{"start":{"line":3,"column":0},"end":{"line":3,"column":15}},"3":{"start":{"line":4,"column":0},"end":{"line":4,"column":16}},"4":{"start":{"line":5,"column":0},"end":{"line":5,"column":1}},"5":{"start":{"line":6,"column":0},"end":{"line":6,"column":0}},"6":{"start":{"line":7,"column":0},"end":{"line":7,"column":19}},"7":{"start":{"line":8,"column":0},"end":{"line":8,"column":57}},"8":{"start":{"line":9,"column":0},"end":{"line":9,"column":22}},"9":{"start":{"line":10,"column":0},"end":{"line":10,"column":23}},"10":{"start":{"line":11,"column":0},"end":{"line":11,"column":22}},"11":{"start":{"line":12,"column":0},"end":{"line":12,"column":10}},"12":{"start":{"line":13,"column":0},"end":{"line":13,"column":29}},"13":{"start":{"line":14,"column":0},"end":{"line":14,"column":30}},"14":{"start":{"line":15,"column":0},"end":{"line":15,"column":32}},"15":{"start":{"line":16,"column":0},"end":{"line":16,"column":4}},"16":{"start":{"line":17,"column":0},"end":{"line":17,"column":54}},"17":{"start":{"line":18,"column":0},"end":{"line":18,"column":16}},"18":{"start":{"line":19,"column":0},"end":{"line":19,"column":25}},"19":{"start":{"line":20,"column":0},"end":{"line":20,"column":18}},"20":{"start":{"line":21,"column":0},"end":{"line":21,"column":83}},"21":{"start":{"line":22,"column":0},"end":{"line":22,"column":65}},"22":{"start":{"line":23,"column":0},"end":{"line":23,"column":1}},"23":{"start":{"line":24,"column":0},"end":{"line":24,"column":0}},"24":{"start":{"line":25,"column":0},"end":{"line":25,"column":43}},"25":{"start":{"line":26,"column":0},"end":{"line":26,"column":32}},"26":{"start":{"line":27,"column":0},"end":{"line":27,"column":26}},"27":{"start":{"line":28,"column":0},"end":{"line":28,"column":26}},"28":{"start":{"line":29,"column":0},"end":{"line":29,"column":19}},"29":{"start":{"line":30,"column":0},"end":{"line":30,"column":28}},"30":{"start":{"line":31,"column":0},"end":{"line":31,"column":83}},"31":{"start":{"line":32,"column":0},"end":{"line":32,"column":32}},"32":{"start":{"line":33,"column":0},"end":{"line":33,"column":17}},"33":{"start":{"line":34,"column":0},"end":{"line":34,"column":11}},"34":{"start":{"line":35,"column":0},"end":{"line":35,"column":3}},"35":{"start":{"line":36,"column":0},"end":{"line":36,"column":17}},"36":{"start":{"line":37,"column":0},"end":{"line":37,"column":60}},"37":{"start":{"line":38,"column":0},"end":{"line":38,"column":3}},"38":{"start":{"line":39,"column":0},"end":{"line":39,"column":47}},"39":{"start":{"line":40,"column":0},"end":{"line":40,"column":42}},"40":{"start":{"line":41,"column":0},"end":{"line":41,"column":70}},"41":{"start":{"line":42,"column":0},"end":{"line":42,"column":3}},"42":{"start":{"line":43,"column":0},"end":{"line":43,"column":66}},"43":{"start":{"line":44,"column":0},"end":{"line":44,"column":45}},"44":{"start":{"line":45,"column":0},"end":{"line":45,"column":73}},"45":{"start":{"line":46,"column":0},"end":{"line":46,"column":3}},"46":{"start":{"line":47,"column":0},"end":{"line":47,"column":25}},"47":{"start":{"line":48,"column":0},"end":{"line":48,"column":70}},"48":{"start":{"line":49,"column":0},"end":{"line":49,"column":3}},"49":{"start":{"line":50,"column":0},"end":{"line":50,"column":65}},"50":{"start":{"line":51,"column":0},"end":{"line":51,"column":79}},"51":{"start":{"line":52,"column":0},"end":{"line":52,"column":3}},"52":{"start":{"line":53,"column":0},"end":{"line":53,"column":0}},"53":{"start":{"line":54,"column":0},"end":{"line":54,"column":41}},"54":{"start":{"line":55,"column":0},"end":{"line":55,"column":0}},"55":{"start":{"line":56,"column":0},"end":{"line":56,"column":37}},"56":{"start":{"line":57,"column":0},"end":{"line":57,"column":19}},"57":{"start":{"line":58,"column":0},"end":{"line":58,"column":26}},"58":{"start":{"line":59,"column":0},"end":{"line":59,"column":77}},"59":{"start":{"line":60,"column":0},"end":{"line":60,"column":37}},"60":{"start":{"line":61,"column":0},"end":{"line":61,"column":13}},"61":{"start":{"line":62,"column":0},"end":{"line":62,"column":54}},"62":{"start":{"line":63,"column":0},"end":{"line":63,"column":13}},"63":{"start":{"line":64,"column":0},"end":{"line":64,"column":29}},"64":{"start":{"line":65,"column":0},"end":{"line":65,"column":27}},"65":{"start":{"line":66,"column":0},"end":{"line":66,"column":45}},"66":{"start":{"line":67,"column":0},"end":{"line":67,"column":4}},"67":{"start":{"line":68,"column":0},"end":{"line":68,"column":0}},"68":{"start":{"line":69,"column":0},"end":{"line":69,"column":44}},"69":{"start":{"line":70,"column":0},"end":{"line":70,"column":39}},"70":{"start":{"line":71,"column":0},"end":{"line":71,"column":1}},"71":{"start":{"line":72,"column":0},"end":{"line":72,"column":0}},"72":{"start":{"line":73,"column":0},"end":{"line":73,"column":33}},"73":{"start":{"line":74,"column":0},"end":{"line":74,"column":37}},"74":{"start":{"line":75,"column":0},"end":{"line":75,"column":62}},"75":{"start":{"line":76,"column":0},"end":{"line":76,"column":12}},"76":{"start":{"line":77,"column":0},"end":{"line":77,"column":53}},"77":{"start":{"line":78,"column":0},"end":{"line":78,"column":74}},"78":{"start":{"line":79,"column":0},"end":{"line":79,"column":60}},"79":{"start":{"line":80,"column":0},"end":{"line":80,"column":79}},"80":{"start":{"line":81,"column":0},"end":{"line":81,"column":3}},"81":{"start":{"line":82,"column":0},"end":{"line":82,"column":50}},"82":{"start":{"line":83,"column":0},"end":{"line":83,"column":83}},"83":{"start":{"line":84,"column":0},"end":{"line":84,"column":1}}},"s":{"0":1,"1":1,"2":1,"3":1,"4":1,"5":1,"6":1,"7":1,"8":1,"9":1,"10":1,"11":1,"12":1,"13":1,"14":1,"15":1,"16":1,"17":1,"18":1,"19":1,"20":1,"21":1,"22":1,"23":1,"24":1,"25":1,"26":9,"27":9,"28":9,"29":9,"30":9,"31":9,"32":9,"33":9,"34":9,"35":9,"36":0,"37":0,"38":9,"39":2,"40":2,"41":2,"42":9,"43":2,"44":2,"45":2,"46":9,"47":1,"48":1,"49":9,"50":2,"51":2,"52":2,"53":2,"54":2,"55":2,"56":2,"57":2,"58":9,"59":9,"60":9,"61":9,"62":9,"63":9,"64":9,"65":9,"66":9,"67":9,"68":9,"69":9,"70":9,"71":1,"72":1,"73":3,"74":3,"75":3,"76":3,"77":3,"78":1,"79":1,"80":1,"81":2,"82":2,"83":2},"branchMap":{"0":{"type":"branch","line":26,"loc":{"start":{"line":26,"column":7},"end":{"line":71,"column":1}},"locations":[{"start":{"line":26,"column":7},"end":{"line":71,"column":1}}]},"1":{"type":"branch","line":36,"loc":{"start":{"line":36,"column":16},"end":{"line":38,"column":3}},"locations":[{"start":{"line":36,"column":16},"end":{"line":38,"column":3}}]},"2":{"type":"branch","line":39,"loc":{"start":{"line":39,"column":17},"end":{"line":39,"column":46}},"locations":[{"start":{"line":39,"column":17},"end":{"line":39,"column":46}}]},"3":{"type":"branch","line":39,"loc":{"start":{"line":39,"column":46},"end":{"line":42,"column":3}},"locations":[{"start":{"line":39,"column":46},"end":{"line":42,"column":3}}]},"4":{"type":"branch","line":42,"loc":{"start":{"line":42,"column":2},"end":{"line":43,"column":32}},"locations":[{"start":{"line":42,"column":2},"end":{"line":43,"column":32}}]},"5":{"type":"branch","line":43,"loc":{"start":{"line":43,"column":27},"end":{"line":43,"column":65}},"locations":[{"start":{"line":43,"column":27},"end":{"line":43,"column":65}}]},"6":{"type":"branch","line":43,"loc":{"start":{"line":43,"column":65},"end":{"line":46,"column":3}},"locations":[{"start":{"line":43,"column":65},"end":{"line":46,"column":3}}]},"7":{"type":"branch","line":46,"loc":{"start":{"line":46,"column":2},"end":{"line":47,"column":24}},"locations":[{"start":{"line":46,"column":2},"end":{"line":47,"column":24}}]},"8":{"type":"branch","line":47,"loc":{"start":{"line":47,"column":24},"end":{"line":49,"column":3}},"locations":[{"start":{"line":47,"column":24},"end":{"line":49,"column":3}}]},"9":{"type":"branch","line":49,"loc":{"start":{"line":49,"column":2},"end":{"line":50,"column":64}},"locations":[{"start":{"line":49,"column":2},"end":{"line":50,"column":64}}]},"10":{"type":"branch","line":50,"loc":{"start":{"line":50,"column":43},"end":{"line":50,"column":60}},"locations":[{"start":{"line":50,"column":43},"end":{"line":50,"column":60}}]},"11":{"type":"branch","line":50,"loc":{"start":{"line":50,"column":64},"end":{"line":59,"column":36}},"locations":[{"start":{"line":50,"column":64},"end":{"line":59,"column":36}}]},"12":{"type":"branch","line":59,"loc":{"start":{"line":59,"column":32},"end":{"line":59,"column":55}},"locations":[{"start":{"line":59,"column":32},"end":{"line":59,"column":55}}]},"13":{"type":"branch","line":59,"loc":{"start":{"line":59,"column":55},"end":{"line":59,"column":77}},"locations":[{"start":{"line":59,"column":55},"end":{"line":59,"column":77}}]},"14":{"type":"branch","line":66,"loc":{"start":{"line":66,"column":8},"end":{"line":66,"column":24}},"locations":[{"start":{"line":66,"column":8},"end":{"line":66,"column":24}}]},"15":{"type":"branch","line":66,"loc":{"start":{"line":66,"column":20},"end":{"line":66,"column":43}},"locations":[{"start":{"line":66,"column":20},"end":{"line":66,"column":43}}]},"16":{"type":"branch","line":62,"loc":{"start":{"line":62,"column":31},"end":{"line":62,"column":52}},"locations":[{"start":{"line":62,"column":31},"end":{"line":62,"column":52}}]},"17":{"type":"branch","line":73,"loc":{"start":{"line":73,"column":7},"end":{"line":84,"column":1}},"locations":[{"start":{"line":73,"column":7},"end":{"line":84,"column":1}}]},"18":{"type":"branch","line":78,"loc":{"start":{"line":78,"column":73},"end":{"line":81,"column":3}},"locations":[{"start":{"line":78,"column":73},"end":{"line":81,"column":3}}]},"19":{"type":"branch","line":81,"loc":{"start":{"line":81,"column":2},"end":{"line":84,"column":1}},"locations":[{"start":{"line":81,"column":2},"end":{"line":84,"column":1}}]},"20":{"type":"branch","line":78,"loc":{"start":{"line":78,"column":26},"end":{"line":78,"column":70}},"locations":[{"start":{"line":78,"column":26},"end":{"line":78,"column":70}}]},"21":{"type":"branch","line":80,"loc":{"start":{"line":80,"column":33},"end":{"line":80,"column":77}},"locations":[{"start":{"line":80,"column":33},"end":{"line":80,"column":77}}]}},"b":{"0":[9],"1":[0],"2":[8],"3":[2],"4":[7],"5":[6],"6":[2],"7":[5],"8":[1],"9":[4],"10":[3],"11":[2],"12":[0],"13":[0],"14":[0],"15":[2],"16":[1],"17":[3],"18":[1],"19":[2],"20":[2],"21":[1]},"fnMap":{"0":{"name":"handleAddToCart","decl":{"start":{"line":26,"column":7},"end":{"line":71,"column":1}},"loc":{"start":{"line":26,"column":7},"end":{"line":71,"column":1}},"line":26},"1":{"name":"handleAddOnClick","decl":{"start":{"line":73,"column":7},"end":{"line":84,"column":1}},"loc":{"start":{"line":73,"column":7},"end":{"line":84,"column":1}},"line":73}},"f":{"0":9,"1":3}}
,"/Users/russarin/Desktop/Practical-SE/Bash-Frontend/src/lib/utilsSort.ts": {"path":"/Users/russarin/Desktop/Practical-SE/Bash-Frontend/src/lib/utilsSort.ts","all":false,"statementMap":{"0":{"start":{"line":1,"column":0},"end":{"line":1,"column":19}},"1":{"start":{"line":2,"column":0},"end":{"line":2,"column":71}},"2":{"start":{"line":3,"column":0},"end":{"line":3,"column":17}},"3":{"start":{"line":4,"column":0},"end":{"line":4,"column":24}},"4":{"start":{"line":5,"column":0},"end":{"line":5,"column":30}},"5":{"start":{"line":6,"column":0},"end":{"line":6,"column":31}},"6":{"start":{"line":7,"column":0},"end":{"line":7,"column":21}},"7":{"start":{"line":8,"column":0},"end":{"line":8,"column":25}},"8":{"start":{"line":9,"column":0},"end":{"line":9,"column":27}},"9":{"start":{"line":10,"column":0},"end":{"line":10,"column":18}},"10":{"start":{"line":11,"column":0},"end":{"line":11,"column":44}},"11":{"start":{"line":12,"column":0},"end":{"line":12,"column":1}},"12":{"start":{"line":13,"column":0},"end":{"line":13,"column":0}},"13":{"start":{"line":14,"column":0},"end":{"line":14,"column":81}},"14":{"start":{"line":15,"column":0},"end":{"line":15,"column":46}},"15":{"start":{"line":16,"column":0},"end":{"line":16,"column":44}},"16":{"start":{"line":17,"column":0},"end":{"line":17,"column":42}},"17":{"start":{"line":18,"column":0},"end":{"line":18,"column":26}},"18":{"start":{"line":19,"column":0},"end":{"line":19,"column":77}},"19":{"start":{"line":20,"column":0},"end":{"line":20,"column":26}},"20":{"start":{"line":21,"column":0},"end":{"line":21,"column":77}},"21":{"start":{"line":22,"column":0},"end":{"line":22,"column":60}},"22":{"start":{"line":23,"column":0},"end":{"line":23,"column":13}},"23":{"start":{"line":24,"column":0},"end":{"line":24,"column":55}},"24":{"start":{"line":25,"column":0},"end":{"line":25,"column":42}},"25":{"start":{"line":26,"column":0},"end":{"line":26,"column":26}},"26":{"start":{"line":27,"column":0},"end":{"line":27,"column":77}},"27":{"start":{"line":28,"column":0},"end":{"line":28,"column":26}},"28":{"start":{"line":29,"column":0},"end":{"line":29,"column":77}},"29":{"start":{"line":30,"column":0},"end":{"line":30,"column":60}},"30":{"start":{"line":31,"column":0},"end":{"line":31,"column":13}},"31":{"start":{"line":32,"column":0},"end":{"line":32,"column":9}},"32":{"start":{"line":33,"column":0},"end":{"line":33,"column":26}},"33":{"start":{"line":34,"column":0},"end":{"line":34,"column":3}}},"s":{"0":1,"1":1,"2":1,"3":1,"4":1,"5":1,"6":1,"7":1,"8":1,"9":1,"10":1,"11":1,"12":1,"13":1,"14":6,"15":6,"16":4,"17":12,"18":12,"19":12,"20":12,"21":12,"22":12,"23":6,"24":1,"25":4,"26":4,"27":4,"28":4,"29":4,"30":4,"31":1,"32":6,"33":6},"branchMap":{"0":{"type":"branch","line":14,"loc":{"start":{"line":14,"column":7},"end":{"line":34,"column":3}},"locations":[{"start":{"line":14,"column":7},"end":{"line":34,"column":3}}]},"1":{"type":"branch","line":16,"loc":{"start":{"line":16,"column":43},"end":{"line":24,"column":15}},"locations":[{"start":{"line":16,"column":43},"end":{"line":24,"column":15}}]},"2":{"type":"branch","line":24,"loc":{"start":{"line":24,"column":8},"end":{"line":32,"column":9}},"locations":[{"start":{"line":24,"column":8},"end":{"line":32,"column":9}}]},"3":{"type":"branch","line":24,"loc":{"start":{"line":24,"column":54},"end":{"line":32,"column":9}},"locations":[{"start":{"line":24,"column":54},"end":{"line":32,"column":9}}]},"4":{"type":"branch","line":17,"loc":{"start":{"line":17,"column":31},"end":{"line":23,"column":13}},"locations":[{"start":{"line":17,"column":31},"end":{"line":23,"column":13}}]},"5":{"type":"branch","line":19,"loc":{"start":{"line":19,"column":30},"end":{"line":19,"column":58}},"locations":[{"start":{"line":19,"column":30},"end":{"line":19,"column":58}}]},"6":{"type":"branch","line":19,"loc":{"start":{"line":19,"column":54},"end":{"line":19,"column":77}},"locations":[{"start":{"line":19,"column":54},"end":{"line":19,"column":77}}]},"7":{"type":"branch","line":21,"loc":{"start":{"line":21,"column":30},"end":{"line":21,"column":58}},"locations":[{"start":{"line":21,"column":30},"end":{"line":21,"column":58}}]},"8":{"type":"branch","line":21,"loc":{"start":{"line":21,"column":54},"end":{"line":21,"column":77}},"locations":[{"start":{"line":21,"column":54},"end":{"line":21,"column":77}}]},"9":{"type":"branch","line":25,"loc":{"start":{"line":25,"column":31},"end":{"line":31,"column":13}},"locations":[{"start":{"line":25,"column":31},"end":{"line":31,"column":13}}]},"10":{"type":"branch","line":27,"loc":{"start":{"line":27,"column":54},"end":{"line":27,"column":77}},"locations":[{"start":{"line":27,"column":54},"end":{"line":27,"column":77}}]},"11":{"type":"branch","line":29,"loc":{"start":{"line":29,"column":54},"end":{"line":29,"column":77}},"locations":[{"start":{"line":29,"column":54},"end":{"line":29,"column":77}}]}},"b":{"0":[6],"1":[4],"2":[2],"3":[1],"4":[12],"5":[8],"6":[4],"7":[8],"8":[4],"9":[4],"10":[0],"11":[0]},"fnMap":{"0":{"name":"handleSortChange","decl":{"start":{"line":14,"column":7},"end":{"line":34,"column":3}},"loc":{"start":{"line":14,"column":7},"end":{"line":34,"column":3}},"line":14}},"f":{"0":6}}
}
