{"total": {"lines":{"total":118,"covered":116,"skipped":0,"pct":98.3},"statements":{"total":118,"covered":116,"skipped":0,"pct":98.3},"functions":{"total":3,"covered":3,"skipped":0,"pct":100},"branches":{"total":34,"covered":28,"skipped":0,"pct":82.35},"branchesTrue":{"total":0,"covered":0,"skipped":0,"pct":"Unknown"}}
,"/Users/russarin/Desktop/Practical-SE/Bash-Frontend/src/lib/utilsCart.ts": {"lines":{"total":84,"covered":82,"skipped":0,"pct":97.61},"functions":{"total":2,"covered":2,"skipped":0,"pct":100},"statements":{"total":84,"covered":82,"skipped":0,"pct":97.61},"branches":{"total":22,"covered":18,"skipped":0,"pct":81.81}}
,"/Users/russarin/Desktop/Practical-SE/Bash-Frontend/src/lib/utilsSort.ts": {"lines":{"total":34,"covered":34,"skipped":0,"pct":100},"functions":{"total":1,"covered":1,"skipped":0,"pct":100},"statements":{"total":34,"covered":34,"skipped":0,"pct":100},"branches":{"total":12,"covered":10,"skipped":0,"pct":83.33}}
}
