TN:
SF:src/lib/utilsCart.ts
FN:26,handleAddToCart
FN:73,handleAddOnClick
FNF:2
FNH:2
FNDA:9,handleAddToCart
FNDA:3,handleAddOnClick
DA:1,1
DA:2,1
DA:3,1
DA:4,1
DA:5,1
DA:6,1
DA:7,1
DA:8,1
DA:9,1
DA:10,1
DA:11,1
DA:12,1
DA:13,1
DA:14,1
DA:15,1
DA:16,1
DA:17,1
DA:18,1
DA:19,1
DA:20,1
DA:21,1
DA:22,1
DA:23,1
DA:24,1
DA:25,1
DA:26,1
DA:27,9
DA:28,9
DA:29,9
DA:30,9
DA:31,9
DA:32,9
DA:33,9
DA:34,9
DA:35,9
DA:36,9
DA:37,0
DA:38,0
DA:39,9
DA:40,2
DA:41,2
DA:42,2
DA:43,9
DA:44,2
DA:45,2
DA:46,2
DA:47,9
DA:48,1
DA:49,1
DA:50,9
DA:51,2
DA:52,2
DA:53,2
DA:54,2
DA:55,2
DA:56,2
DA:57,2
DA:58,2
DA:59,9
DA:60,9
DA:61,9
DA:62,9
DA:63,9
DA:64,9
DA:65,9
DA:66,9
DA:67,9
DA:68,9
DA:69,9
DA:70,9
DA:71,9
DA:72,1
DA:73,1
DA:74,3
DA:75,3
DA:76,3
DA:77,3
DA:78,3
DA:79,1
DA:80,1
DA:81,1
DA:82,2
DA:83,2
DA:84,2
LF:84
LH:82
BRDA:26,0,0,9
BRDA:36,1,0,0
BRDA:39,2,0,8
BRDA:39,3,0,2
BRDA:42,4,0,7
BRDA:43,5,0,6
BRDA:43,6,0,2
BRDA:46,7,0,5
BRDA:47,8,0,1
BRDA:49,9,0,4
BRDA:50,10,0,3
BRDA:50,11,0,2
BRDA:59,12,0,0
BRDA:59,13,0,0
BRDA:66,14,0,0
BRDA:66,15,0,2
BRDA:62,16,0,1
BRDA:73,17,0,3
BRDA:78,18,0,1
BRDA:81,19,0,2
BRDA:78,20,0,2
BRDA:80,21,0,1
BRF:22
BRH:18
end_of_record
TN:
SF:src/lib/utilsSort.ts
FN:14,handleSortChange
FNF:1
FNH:1
FNDA:6,handleSortChange
DA:1,1
DA:2,1
DA:3,1
DA:4,1
DA:5,1
DA:6,1
DA:7,1
DA:8,1
DA:9,1
DA:10,1
DA:11,1
DA:12,1
DA:13,1
DA:14,1
DA:15,6
DA:16,6
DA:17,4
DA:18,12
DA:19,12
DA:20,12
DA:21,12
DA:22,12
DA:23,12
DA:24,6
DA:25,1
DA:26,4
DA:27,4
DA:28,4
DA:29,4
DA:30,4
DA:31,4
DA:32,1
DA:33,6
DA:34,6
LF:34
LH:34
BRDA:14,0,0,6
BRDA:16,1,0,4
BRDA:24,2,0,2
BRDA:24,3,0,1
BRDA:17,4,0,12
BRDA:19,5,0,8
BRDA:19,6,0,4
BRDA:21,7,0,8
BRDA:21,8,0,4
BRDA:25,9,0,4
BRDA:27,10,0,0
BRDA:29,11,0,0
BRF:12
BRH:10
end_of_record
